<<<<<<< HEAD
Flow report for adders
Thu Jun 22 18:20:19 2023
Quartus Prime Version 18.1.0 Build 625 09/12/2018 SJ Lite Edition


---------------------
; Table of Contents ;
---------------------
  1. Legal Notice
  2. Flow Summary
  3. Flow Settings
  4. Flow Non-Default Global Settings
  5. Flow Elapsed Time
  6. Flow OS Summary
  7. Flow Log
  8. Flow Messages
  9. Flow Suppressed Messages



----------------
; Legal Notice ;
----------------
Copyright (C) 2018  Intel Corporation. All rights reserved.
Your use of Intel Corporation's design tools, logic functions 
and other software and tools, and its AMPP partner logic 
functions, and any output files from any of the foregoing 
(including device programming or simulation files), and any 
associated documentation or information are expressly subject 
to the terms and conditions of the Intel Program License 
Subscription Agreement, the Intel Quartus Prime License Agreement,
the Intel FPGA IP License Agreement, or other applicable license
agreement, including, without limitation, that your use is for
the sole purpose of programming logic devices manufactured by
Intel and sold by Intel or its authorized distributors.  Please
refer to the applicable agreement for further details.



+----------------------------------------------------------------------------------+
; Flow Summary                                                                     ;
+------------------------------------+---------------------------------------------+
; Flow Status                        ; Successful - Thu Jun 22 18:20:19 2023       ;
; Quartus Prime Version              ; 18.1.0 Build 625 09/12/2018 SJ Lite Edition ;
; Revision Name                      ; adders                                      ;
; Top-level Entity Name              ; adder2                                      ;
; Family                             ; MAX 10                                      ;
; Device                             ; 10M50DAF484C7G                              ;
; Timing Models                      ; Final                                       ;
; Total logic elements               ; 79 / 49,760 ( < 1 % )                       ;
;     Total combinational functions  ; 79 / 49,760 ( < 1 % )                       ;
;     Dedicated logic registers      ; 20 / 49,760 ( < 1 % )                       ;
; Total registers                    ; 20                                          ;
; Total pins                         ; 65 / 360 ( 18 % )                           ;
; Total virtual pins                 ; 0                                           ;
; Total memory bits                  ; 0 / 1,677,312 ( 0 % )                       ;
; Embedded Multiplier 9-bit elements ; 0 / 288 ( 0 % )                             ;
; Total PLLs                         ; 0 / 4 ( 0 % )                               ;
; UFM blocks                         ; 0 / 1 ( 0 % )                               ;
; ADC blocks                         ; 0 / 2 ( 0 % )                               ;
+------------------------------------+---------------------------------------------+


+-----------------------------------------+
; Flow Settings                           ;
+-------------------+---------------------+
; Option            ; Setting             ;
+-------------------+---------------------+
; Start date & time ; 06/22/2023 18:19:40 ;
; Main task         ; Compilation         ;
; Revision Name     ; adders              ;
+-------------------+---------------------+


+-------------------------------------------------------------------------------------------------------------------------------+
; Flow Non-Default Global Settings                                                                                              ;
+--------------------------------------+----------------------------------------+---------------+-------------+-----------------+
; Assignment Name                      ; Value                                  ; Default Value ; Entity Name ; Section Id      ;
+--------------------------------------+----------------------------------------+---------------+-------------+-----------------+
; COMPILER_SIGNATURE_ID                ; 30902522089949.168747598012404         ; --            ; --          ; --              ;
; EDA_DESIGN_INSTANCE_NAME             ; NA                                     ; --            ; --          ; adder_testbench ;
; EDA_NATIVELINK_SIMULATION_TEST_BENCH ; adder_testbench                        ; --            ; --          ; eda_simulation  ;
; EDA_OUTPUT_DATA_FORMAT               ; Systemverilog Hdl                      ; --            ; --          ; eda_simulation  ;
; EDA_SIMULATION_TOOL                  ; ModelSim-Altera (SystemVerilog)        ; <None>        ; --          ; --              ;
; EDA_TEST_BENCH_ENABLE_STATUS         ; TEST_BENCH_MODE                        ; --            ; --          ; eda_simulation  ;
; EDA_TEST_BENCH_FILE                  ; adder_testbench.sv                     ; --            ; --          ; adder_testbench ;
; EDA_TEST_BENCH_MODULE_NAME           ; adder_testbench                        ; --            ; --          ; adder_testbench ;
; EDA_TEST_BENCH_NAME                  ; adder_testbench                        ; --            ; --          ; eda_simulation  ;
; EDA_TEST_BENCH_RUN_SIM_FOR           ; 10000 ns                               ; --            ; --          ; adder_testbench ;
; EDA_TIME_SCALE                       ; 1 ps                                   ; --            ; --          ; eda_simulation  ;
; MAX_CORE_JUNCTION_TEMP               ; 85                                     ; --            ; --          ; --              ;
; MIN_CORE_JUNCTION_TEMP               ; 0                                      ; --            ; --          ; --              ;
; PARTITION_COLOR                      ; -- (Not supported for targeted family) ; --            ; adder2      ; Top             ;
; PARTITION_FITTER_PRESERVATION_LEVEL  ; -- (Not supported for targeted family) ; --            ; adder2      ; Top             ;
; PARTITION_NETLIST_TYPE               ; -- (Not supported for targeted family) ; --            ; adder2      ; Top             ;
; POWER_BOARD_THERMAL_MODEL            ; None (CONSERVATIVE)                    ; --            ; --          ; --              ;
; POWER_PRESET_COOLING_SOLUTION        ; 23 MM HEAT SINK WITH 200 LFPM AIRFLOW  ; --            ; --          ; --              ;
; PROJECT_OUTPUT_DIRECTORY             ; output_files                           ; --            ; --          ; --              ;
; TOP_LEVEL_ENTITY                     ; adder2                                 ; adders        ; --          ; --              ;
+--------------------------------------+----------------------------------------+---------------+-------------+-----------------+


+--------------------------------------------------------------------------------------------------------------------------+
; Flow Elapsed Time                                                                                                        ;
+----------------------+--------------+-------------------------+---------------------+------------------------------------+
; Module Name          ; Elapsed Time ; Average Processors Used ; Peak Virtual Memory ; Total CPU Time (on all processors) ;
+----------------------+--------------+-------------------------+---------------------+------------------------------------+
; Analysis & Synthesis ; 00:00:14     ; 1.0                     ; 4764 MB             ; 00:00:25                           ;
; Fitter               ; 00:00:12     ; 1.0                     ; 5634 MB             ; 00:00:15                           ;
; Assembler            ; 00:00:03     ; 1.0                     ; 4683 MB             ; 00:00:04                           ;
; Timing Analyzer      ; 00:00:04     ; 1.0                     ; 4821 MB             ; 00:00:04                           ;
; EDA Netlist Writer   ; 00:00:02     ; 1.0                     ; 4643 MB             ; 00:00:01                           ;
; Total                ; 00:00:35     ; --                      ; --                  ; 00:00:49                           ;
+----------------------+--------------+-------------------------+---------------------+------------------------------------+


+------------------------------------------------------------------------------------+
; Flow OS Summary                                                                    ;
+----------------------+------------------+------------+------------+----------------+
; Module Name          ; Machine Hostname ; OS Name    ; OS Version ; Processor type ;
+----------------------+------------------+------------+------------+----------------+
; Analysis & Synthesis ; poopoo           ; Windows 10 ; 10.0       ; x86_64         ;
; Fitter               ; poopoo           ; Windows 10 ; 10.0       ; x86_64         ;
; Assembler            ; poopoo           ; Windows 10 ; 10.0       ; x86_64         ;
; Timing Analyzer      ; poopoo           ; Windows 10 ; 10.0       ; x86_64         ;
; EDA Netlist Writer   ; poopoo           ; Windows 10 ; 10.0       ; x86_64         ;
+----------------------+------------------+------------+------------+----------------+


------------
; Flow Log ;
------------
quartus_map --read_settings_files=on --write_settings_files=off adders -c adders
quartus_fit --read_settings_files=off --write_settings_files=off adders -c adders
quartus_asm --read_settings_files=off --write_settings_files=off adders -c adders
quartus_sta adders -c adders
quartus_eda --read_settings_files=off --write_settings_files=off adders -c adders



=======
Flow report for adders
Thu Jun 22 15:07:00 2023
Quartus Prime Version 18.1.0 Build 625 09/12/2018 SJ Lite Edition


---------------------
; Table of Contents ;
---------------------
  1. Legal Notice
  2. Flow Summary
  3. Flow Settings
  4. Flow Non-Default Global Settings
  5. Flow Elapsed Time
  6. Flow OS Summary
  7. Flow Log
  8. Flow Messages
  9. Flow Suppressed Messages



----------------
; Legal Notice ;
----------------
Copyright (C) 2018  Intel Corporation. All rights reserved.
Your use of Intel Corporation's design tools, logic functions 
and other software and tools, and its AMPP partner logic 
functions, and any output files from any of the foregoing 
(including device programming or simulation files), and any 
associated documentation or information are expressly subject 
to the terms and conditions of the Intel Program License 
Subscription Agreement, the Intel Quartus Prime License Agreement,
the Intel FPGA IP License Agreement, or other applicable license
agreement, including, without limitation, that your use is for
the sole purpose of programming logic devices manufactured by
Intel and sold by Intel or its authorized distributors.  Please
refer to the applicable agreement for further details.



+----------------------------------------------------------------------------------+
; Flow Summary                                                                     ;
+------------------------------------+---------------------------------------------+
; Flow Status                        ; Successful - Thu Jun 22 15:07:00 2023       ;
; Quartus Prime Version              ; 18.1.0 Build 625 09/12/2018 SJ Lite Edition ;
; Revision Name                      ; adders                                      ;
; Top-level Entity Name              ; adder2                                      ;
; Family                             ; MAX 10                                      ;
; Device                             ; 10M50DAF484C7G                              ;
; Timing Models                      ; Final                                       ;
; Total logic elements               ; 78 / 49,760 ( < 1 % )                       ;
;     Total combinational functions  ; 78 / 49,760 ( < 1 % )                       ;
;     Dedicated logic registers      ; 20 / 49,760 ( < 1 % )                       ;
; Total registers                    ; 20                                          ;
; Total pins                         ; 65 / 360 ( 18 % )                           ;
; Total virtual pins                 ; 0                                           ;
; Total memory bits                  ; 0 / 1,677,312 ( 0 % )                       ;
; Embedded Multiplier 9-bit elements ; 0 / 288 ( 0 % )                             ;
; Total PLLs                         ; 0 / 4 ( 0 % )                               ;
; UFM blocks                         ; 0 / 1 ( 0 % )                               ;
; ADC blocks                         ; 0 / 2 ( 0 % )                               ;
+------------------------------------+---------------------------------------------+


+-----------------------------------------+
; Flow Settings                           ;
+-------------------+---------------------+
; Option            ; Setting             ;
+-------------------+---------------------+
; Start date & time ; 06/22/2023 15:06:10 ;
; Main task         ; Compilation         ;
; Revision Name     ; adders              ;
+-------------------+---------------------+


+-----------------------------------------------------------------------------------------------------------------------------+
; Flow Non-Default Global Settings                                                                                            ;
+-------------------------------------+----------------------------------------+---------------+-------------+----------------+
; Assignment Name                     ; Value                                  ; Default Value ; Entity Name ; Section Id     ;
+-------------------------------------+----------------------------------------+---------------+-------------+----------------+
; COMPILER_SIGNATURE_ID               ; 4863397999202.168746076905648          ; --            ; --          ; --             ;
; EDA_OUTPUT_DATA_FORMAT              ; Systemverilog Hdl                      ; --            ; --          ; eda_simulation ;
; EDA_SIMULATION_TOOL                 ; ModelSim-Altera (SystemVerilog)        ; <None>        ; --          ; --             ;
; EDA_TIME_SCALE                      ; 1 ps                                   ; --            ; --          ; eda_simulation ;
; FLOW_ENABLE_POWER_ANALYZER          ; On                                     ; Off           ; --          ; --             ;
; MAX_CORE_JUNCTION_TEMP              ; 85                                     ; --            ; --          ; --             ;
; MIN_CORE_JUNCTION_TEMP              ; 0                                      ; --            ; --          ; --             ;
; PARTITION_COLOR                     ; -- (Not supported for targeted family) ; --            ; adder2      ; Top            ;
; PARTITION_FITTER_PRESERVATION_LEVEL ; -- (Not supported for targeted family) ; --            ; adder2      ; Top            ;
; PARTITION_NETLIST_TYPE              ; -- (Not supported for targeted family) ; --            ; adder2      ; Top            ;
; POWER_BOARD_THERMAL_MODEL           ; None (CONSERVATIVE)                    ; --            ; --          ; --             ;
; POWER_DEFAULT_INPUT_IO_TOGGLE_RATE  ; 12.5 %                                 ; 12.5%         ; --          ; --             ;
; POWER_PRESET_COOLING_SOLUTION       ; 23 MM HEAT SINK WITH 200 LFPM AIRFLOW  ; --            ; --          ; --             ;
; PROJECT_OUTPUT_DIRECTORY            ; output_files                           ; --            ; --          ; --             ;
; TOP_LEVEL_ENTITY                    ; adder2                                 ; adders        ; --          ; --             ;
+-------------------------------------+----------------------------------------+---------------+-------------+----------------+


+--------------------------------------------------------------------------------------------------------------------------+
; Flow Elapsed Time                                                                                                        ;
+----------------------+--------------+-------------------------+---------------------+------------------------------------+
; Module Name          ; Elapsed Time ; Average Processors Used ; Peak Virtual Memory ; Total CPU Time (on all processors) ;
+----------------------+--------------+-------------------------+---------------------+------------------------------------+
; Analysis & Synthesis ; 00:00:13     ; 1.0                     ; 4781 MB             ; 00:00:27                           ;
; Fitter               ; 00:00:12     ; 1.0                     ; 5635 MB             ; 00:00:15                           ;
; Assembler            ; 00:00:04     ; 1.0                     ; 4680 MB             ; 00:00:03                           ;
; Power Analyzer       ; 00:00:11     ; 1.0                     ; 4854 MB             ; 00:00:10                           ;
; Timing Analyzer      ; 00:00:05     ; 1.0                     ; 4816 MB             ; 00:00:04                           ;
; EDA Netlist Writer   ; 00:00:01     ; 1.0                     ; 4645 MB             ; 00:00:01                           ;
; Total                ; 00:00:46     ; --                      ; --                  ; 00:01:00                           ;
+----------------------+--------------+-------------------------+---------------------+------------------------------------+


+------------------------------------------------------------------------------------+
; Flow OS Summary                                                                    ;
+----------------------+------------------+------------+------------+----------------+
; Module Name          ; Machine Hostname ; OS Name    ; OS Version ; Processor type ;
+----------------------+------------------+------------+------------+----------------+
; Analysis & Synthesis ; DESKTOP-M4UPS7M  ; Windows 10 ; 10.0       ; x86_64         ;
; Fitter               ; DESKTOP-M4UPS7M  ; Windows 10 ; 10.0       ; x86_64         ;
; Assembler            ; DESKTOP-M4UPS7M  ; Windows 10 ; 10.0       ; x86_64         ;
; Power Analyzer       ; DESKTOP-M4UPS7M  ; Windows 10 ; 10.0       ; x86_64         ;
; Timing Analyzer      ; DESKTOP-M4UPS7M  ; Windows 10 ; 10.0       ; x86_64         ;
; EDA Netlist Writer   ; DESKTOP-M4UPS7M  ; Windows 10 ; 10.0       ; x86_64         ;
+----------------------+------------------+------------+------------+----------------+


------------
; Flow Log ;
------------
quartus_map --read_settings_files=on --write_settings_files=off adders -c adders
quartus_fit --read_settings_files=off --write_settings_files=off adders -c adders
quartus_asm --read_settings_files=off --write_settings_files=off adders -c adders
quartus_pow --read_settings_files=off --write_settings_files=off adders -c adders
quartus_sta adders -c adders
quartus_eda --read_settings_files=off --write_settings_files=off adders -c adders



>>>>>>> d01a8c17fcd8d717202576a60d65e588ede19027
